2020-02-16 12:34:27,605 [INFO] app: Response: {
  "version": "1.0",
  "session": {
    "message_id": 0,
    "new": true,
    "session_id": "7dc1f864-b12b09fe-58b7f894-d60aa3fb",
    "skill_id": "df8c8e43-abb2-465a-8514-5cdbd70b1fae",
    "user_id": "D30F6B5B0D08F9BAFDD83C7F68A00E66D50FB16C390DA854B28198E7B2AF3FE7"
  },
  "response": {
    "end_session": false,
    "text": "Неизвестный пользователь!"
  }
}
2020-02-16 12:34:38,365 [INFO] app: Response: {
  "version": "1.0",
  "session": {
    "message_id": 0,
    "new": true,
    "session_id": "adefce7b-26ffbdfa-27a9b492-b16cf646",
    "skill_id": "df8c8e43-abb2-465a-8514-5cdbd70b1fae",
    "user_id": "D30F6B5B0D08F9BAFDD83C7F68A00E66D50FB16C390DA854B28198E7B2AF3FE7"
  },
  "response": {
    "end_session": false,
    "text": "Неизвестный пользователь!"
  }
}
2020-02-16 12:34:41,795 [INFO] app: Response: {
  "version": "1.0",
  "session": {
    "message_id": 1,
    "new": false,
    "session_id": "adefce7b-26ffbdfa-27a9b492-b16cf646",
    "skill_id": "df8c8e43-abb2-465a-8514-5cdbd70b1fae",
    "user_id": "D30F6B5B0D08F9BAFDD83C7F68A00E66D50FB16C390DA854B28198E7B2AF3FE7"
  },
  "response": {
    "end_session": false,
    "text": "Неизвестный пользователь!"
  }
}
2020-02-16 12:34:44,456 [INFO] app: Response: {
  "version": "1.0",
  "session": {
    "message_id": 2,
    "new": false,
    "session_id": "adefce7b-26ffbdfa-27a9b492-b16cf646",
    "skill_id": "df8c8e43-abb2-465a-8514-5cdbd70b1fae",
    "user_id": "D30F6B5B0D08F9BAFDD83C7F68A00E66D50FB16C390DA854B28198E7B2AF3FE7"
  },
  "response": {
    "end_session": false,
    "text": "Неизвестный пользователь!"
  }
}
2020-02-16 12:34:45,973 [INFO] app: Response: {
  "version": "1.0",
  "session": {
    "message_id": 3,
    "new": false,
    "session_id": "adefce7b-26ffbdfa-27a9b492-b16cf646",
    "skill_id": "df8c8e43-abb2-465a-8514-5cdbd70b1fae",
    "user_id": "D30F6B5B0D08F9BAFDD83C7F68A00E66D50FB16C390DA854B28198E7B2AF3FE7"
  },
  "response": {
    "end_session": false,
    "text": "Неизвестный пользователь!"
  }
}
2020-02-16 12:35:16,227 [INFO] app: Response: {
  "version": "1.0",
  "session": {
    "message_id": 4,
    "new": false,
    "session_id": "adefce7b-26ffbdfa-27a9b492-b16cf646",
    "skill_id": "df8c8e43-abb2-465a-8514-5cdbd70b1fae",
    "user_id": "D30F6B5B0D08F9BAFDD83C7F68A00E66D50FB16C390DA854B28198E7B2AF3FE7"
  },
  "response": {
    "end_session": false,
    "text": "сообщение получено"
  }
}
2020-02-16 12:35:21,186 [INFO] app: Response: {
  "version": "1.0",
  "session": {
    "message_id": 5,
    "new": false,
    "session_id": "adefce7b-26ffbdfa-27a9b492-b16cf646",
    "skill_id": "df8c8e43-abb2-465a-8514-5cdbd70b1fae",
    "user_id": "D30F6B5B0D08F9BAFDD83C7F68A00E66D50FB16C390DA854B28198E7B2AF3FE7"
  },
  "response": {
    "end_session": false,
    "text": "сообщение получено"
  }
}
2020-02-16 12:35:28,033 [INFO] app: Response: {
  "version": "1.0",
  "session": {
    "message_id": 0,
    "new": true,
    "session_id": "2b4f624a-a710e543-a8da3701-c4962c71",
    "skill_id": "df8c8e43-abb2-465a-8514-5cdbd70b1fae",
    "user_id": "D30F6B5B0D08F9BAFDD83C7F68A00E66D50FB16C390DA854B28198E7B2AF3FE7"
  },
  "response": {
    "end_session": false,
    "text": "Включён режим управления arduino!"
  }
}
2020-02-16 12:51:02,717 [INFO] app: Response: {
  "version": "1.0",
  "session": {
    "message_id": 0,
    "new": true,
    "session_id": "a2a81750-89d32890-f43d18e3-ea861a3e",
    "skill_id": "df8c8e43-abb2-465a-8514-5cdbd70b1fae",
    "user_id": "D30F6B5B0D08F9BAFDD83C7F68A00E66D50FB16C390DA854B28198E7B2AF3FE7"
  },
  "response": {
    "end_session": false,
    "text": "Неизвестный пользователь!"
  }
}
2020-02-16 12:51:47,585 [INFO] app: Response: {
  "version": "1.0",
  "session": {
    "message_id": 0,
    "new": true,
    "session_id": "67610b49-653cdd78-41456e1f-5ccfdc47",
    "skill_id": "df8c8e43-abb2-465a-8514-5cdbd70b1fae",
    "user_id": "D30F6B5B0D08F9BAFDD83C7F68A00E66D50FB16C390DA854B28198E7B2AF3FE7"
  },
  "response": {
    "end_session": false,
    "text": "Неизвестный пользователь!"
  }
}
2020-02-16 12:53:42,890 [INFO] app: Response: Неизвестный пользователь!
2020-02-16 13:16:50,217 [INFO] app: Response: Неизвестный пользователь!
2020-02-16 13:20:03,148 [INFO] app: Response: Неизвестный пользователь!
2020-02-16 13:20:33,829 [INFO] app: Неизвестный пользователь!
2020-02-16 13:21:18,530 [INFO] app: Неизвестный пользователь!
2020-02-16 13:32:21,363 [INFO] app: Включён режим управления arduino!
2020-02-16 13:33:57,998 [INFO] app: Включён режим управления arduino!
2020-02-16 13:34:03,198 [INFO] app: Ответ: ничего
2020-02-16 14:05:55,127 [INFO] app: Включён режим управления arduino!
2020-02-16 14:06:30,869 [INFO] app: Включён режим управления arduino!
2020-02-16 14:06:41,727 [INFO] app: Ответ: ничего
2020-02-16 14:21:14,057 [INFO] app: Включён режим управления arduino!
2020-02-16 14:32:50,966 [INFO] app: Включён режим управления arduino!
2020-02-16 14:33:02,921 [INFO] app: Команда не найдена!
2020-02-16 14:33:51,328 [INFO] app: Включён режим управления arduino!
2020-02-16 14:33:57,867 [INFO] app: Команда не найдена!
2020-02-16 14:35:00,438 [INFO] app: Включён режим управления arduino!
2020-02-16 14:35:11,839 [INFO] app: Команда не найдена!
2020-02-16 14:35:32,229 [INFO] app: Включён режим управления arduino!
2020-02-16 14:35:40,804 [DEBUG] app.handlers: ['f', 'u', 'l', 'l', '_', 'h', 'o', 'u', 's', 'e', 'a', 'l', 'l', 'l', 'i', 'v', 'i', 'n', 'g', '_', 'r', 'o', 'o', 'm', 'b', 'a', 't', 'h', 'r', 'o', 'o', 'm', 'l', 'a', 'm', 'p', 'o', 'n', 'h', 'a', 'l', 'f', 'o', 'f', 'f', 'b', 'r', 'a']
2020-02-16 14:35:40,805 [INFO] app: Команда не найдена!
2020-02-16 14:37:19,004 [INFO] app: Включён режим управления arduino!
2020-02-16 14:37:32,083 [DEBUG] app.handlers: dict_values([['во всех комнатах', 'везде'], ['весь', 'полный'], ['гостинная', 'зал', 'общая комната'], ['душ', 'душевая'], ['лампа', 'свет'], ['включить', 'зажечь'], ['приглушить', 'полумрак', 'тусклый'], ['выключить', 'потушить'], ['бра', 'светильник', 'свет']])
2020-02-16 14:37:32,088 [INFO] app: Команда не найдена!
2020-02-16 14:40:14,161 [INFO] app: Включён режим управления arduino!
2020-02-16 14:40:19,135 [DEBUG] app.handlers: ['во всех комнатах', 'везде', 'весь', 'полный', 'гостинная', 'зал', 'общая комната', 'душ', 'душевая', 'лампа', 'свет', 'включить', 'зажечь', 'приглушить', 'полумрак', 'тусклый', 'выключить', 'потушить', 'бра', 'светильник', 'свет']
2020-02-16 14:40:19,138 [INFO] app: Команда не найдена!
2020-02-16 14:43:52,330 [INFO] app: Включён режим управления arduino!
2020-02-16 14:43:54,952 [INFO] app: Команда не найдена!
2020-02-16 14:44:43,871 [INFO] app: Включён режим управления arduino!
2020-02-16 14:44:47,314 [INFO] app: Команда не найдена!
2020-02-16 14:47:22,220 [INFO] app: Включён режим управления arduino!
2020-02-16 14:47:52,089 [INFO] app: Включён режим управления arduino!
2020-02-16 14:47:54,515 [DEBUG] app.handlers: ['во всех комнатах', 'везде', 'весь', 'полный', 'гостинная', 'зал', 'общая комната', 'душ', 'душевая', 'лампа', 'свет', 'включить', 'зажечь', 'приглушить', 'полумрак', 'тусклый', 'выключить', 'потушить', 'бра', 'светильник', 'свет']
2020-02-16 14:47:54,516 [INFO] app: 
2020-02-16 14:49:37,969 [INFO] app: Включён режим управления arduino!
2020-02-16 14:49:41,772 [DEBUG] app.handlers: ['во всех комнатах', 'везде', 'весь', 'полный', 'гостинная', 'зал', 'общая комната', 'душ', 'душевая', 'лампа', 'свет', 'включить', 'зажечь', 'приглушить', 'полумрак', 'тусклый', 'выключить', 'потушить', 'бра', 'светильник', 'свет']
2020-02-16 14:49:41,781 [INFO] app: 
2020-02-16 14:50:25,162 [DEBUG] app.handlers: ['во всех комнатах', 'везде', 'весь', 'полный', 'гостинная', 'зал', 'общая комната', 'душ', 'душевая', 'лампа', 'свет', 'включить', 'зажечь', 'приглушить', 'полумрак', 'тусклый', 'выключить', 'потушить', 'бра', 'светильник', 'свет']
2020-02-16 14:53:16,238 [DEBUG] app.handlers: ['во всех комнатах', 'везде', 'весь', 'полный', 'гостинная', 'зал', 'общая комната', 'душ', 'душевая', 'лампа', 'свет', 'включить', 'зажечь', 'приглушить', 'полумрак', 'тусклый', 'выключить', 'потушить', 'бра', 'светильник', 'свет']
2020-02-16 14:53:16,242 [DEBUG] app.handlers: ['во всех комнатах', 'везде', 'весь', 'полный', 'гостинная', 'зал', 'общая комната', 'душ', 'душевая', 'лампа', 'свет', 'включить', 'зажечь', 'приглушить', 'полумрак', 'тусклый', 'выключить', 'потушить', 'бра', 'светильник', 'свет']
2020-02-16 14:53:16,245 [INFO] app: Будет выполнена команда: living_room_lamp_onБудет выполнена команда: living_room_bra_on
2020-02-16 14:53:30,299 [DEBUG] app.handlers: ['во всех комнатах', 'везде', 'весь', 'полный', 'гостинная', 'зал', 'общая комната', 'душ', 'душевая', 'лампа', 'свет', 'включить', 'зажечь', 'приглушить', 'полумрак', 'тусклый', 'выключить', 'потушить', 'бра', 'светильник', 'свет']
2020-02-16 14:53:30,302 [DEBUG] app.handlers: ['во всех комнатах', 'везде', 'весь', 'полный', 'гостинная', 'зал', 'общая комната', 'душ', 'душевая', 'лампа', 'свет', 'включить', 'зажечь', 'приглушить', 'полумрак', 'тусклый', 'выключить', 'потушить', 'бра', 'светильник', 'свет']
2020-02-16 14:53:30,308 [INFO] app: Будет выполнена команда: living_room_lamp_onБудет выполнена команда: living_room_bra_on
2020-02-16 14:53:38,382 [DEBUG] app.handlers: ['во всех комнатах', 'везде', 'весь', 'полный', 'гостинная', 'зал', 'общая комната', 'душ', 'душевая', 'лампа', 'свет', 'включить', 'зажечь', 'приглушить', 'полумрак', 'тусклый', 'выключить', 'потушить', 'бра', 'светильник', 'свет']
2020-02-16 14:53:38,385 [DEBUG] app.handlers: ['во всех комнатах', 'везде', 'весь', 'полный', 'гостинная', 'зал', 'общая комната', 'душ', 'душевая', 'лампа', 'свет', 'включить', 'зажечь', 'приглушить', 'полумрак', 'тусклый', 'выключить', 'потушить', 'бра', 'светильник', 'свет']
2020-02-16 14:53:38,389 [INFO] app: Будет выполнена команда: living_room_lamp_onБудет выполнена команда: living_room_bra_on
2020-02-16 14:56:52,870 [INFO] app: включить лампа гостинная

Будет выполнена команда: living_room_lamp_on
Будет выполнена команда: living_room_bra_on

2020-02-16 14:57:18,289 [INFO] app: выключить лампа гостинная

Будет выполнена команда: living_room_lamp_off
Будет выполнена команда: living_room_bra_off

2020-02-16 14:58:16,376 [INFO] app: выключить лампа гостинная


2020-02-16 14:59:47,390 [INFO] app: выключить лампа гостинная

Будет выполнена команда: living_room_lamp_off

2020-02-16 14:59:55,826 [INFO] app: выключить бра гостинная

Будет выполнена команда: living_room_bra_off

2020-02-16 15:00:10,497 [INFO] app: включить свет гостинная

Будет выполнена команда: living_room_lamp_on
Будет выполнена команда: living_room_bra_on

2020-02-16 15:00:53,359 [INFO] app: туско включить бра в гостинной


2020-02-16 15:01:05,719 [INFO] app: туско включить бра в гостинная

Будет выполнена команда: living_room_bra_on

2020-02-16 15:01:25,691 [INFO] app: туско включить свет в гостинная

Будет выполнена команда: living_room_lamp_on
Будет выполнена команда: living_room_bra_on

2020-02-16 15:01:44,369 [INFO] app: туско включить свет в гостинная

Будет выполнена команда: living_room_lamp_on
Будет выполнена команда: living_room_bra_on

2020-02-16 15:02:05,114 [INFO] app: тускло включить свет в гостинная

Будет выполнена команда: living_room_lamp_on
Будет выполнена команда: living_room_lamp_half
Будет выполнена команда: living_room_bra_on

2020-02-16 15:02:57,856 [INFO] app: тускло включить свет в гостинная

Будет выполнена команда: living_room_lamp_half
Будет выполнена команда: living_room_bra_on

